2023-01-10 11:01:18 [INFO] - (wsh_load.py).main(26)  Start programs
2023-01-10 11:01:44 [INFO] - (wsh_load.py).main(26)  Start programs
2023-01-10 11:02:12 [INFO] - (wsh_load.py).main(26)  Start programs
2023-01-10 11:02:58 [INFO] - (wsh_load.py).main(26)  Start programs
2023-01-10 11:04:13 [INFO] - (wsh_load.py).main(26)  Start programs
2023-01-10 11:05:11 [INFO] - (wsh_load.py).main(26)  Start programs
2023-01-10 11:05:45 [INFO] - (wsh_load.py).main(26)  Start programs
2023-01-10 11:05:45 [INFO] - (wsh_load.py).main(31)  End programs
2023-01-10 11:07:13 [INFO] - (wsh_load.py).main(26)  Start programs
2023-01-10 11:07:35 [INFO] - (wsh_load.py).main(31)  End programs
2023-01-10 11:07:46 [INFO] - (wsh_load.py).main(26)  Start programs
2023-01-10 11:08:46 [INFO] - (wsh_load.py).main(31)  End programs
2023-01-10 11:45:14 [INFO] - (wsh_load.py).main(26)  Start programs
2023-01-10 11:45:35 [INFO] - (wsh_load.py).main(26)  Start programs
2023-01-10 11:53:21 [INFO] - (wsh_load.py).main(26)  Start programs
2023-01-10 11:53:35 [INFO] - (wsh_load.py).main(26)  Start programs
2023-01-10 11:53:35 [INFO] - (wsh_load.py).main(31)  End programs
2023-01-10 11:56:08 [INFO] - (wsh_load.py).main(26)  Start programs
2023-01-10 12:05:40 [INFO] - (wsh_load.py).main(26)  Start programs
2023-01-10 12:06:36 [INFO] - (wsh_load.py).main(26)  Start programs
2023-01-10 12:07:00 [INFO] - (wsh_load.py).main(26)  Start programs
2023-01-10 12:09:42 [INFO] - (wsh_load.py).main(26)  Start programs
2023-01-10 12:10:03 [INFO] - (wsh_load.py).main(26)  Start programs
2023-01-10 12:14:56 [INFO] - (wsh_load.py).main(26)  Start programs
2023-01-10 12:14:56 [INFO] - (wsh_load.py).main(31)  End programs
2023-01-10 12:15:47 [INFO] - (wsh_load.py).main(26)  Start programs
2023-01-10 12:16:09 [INFO] - (wsh_load.py).main(26)  Start programs
2023-01-10 12:16:09 [INFO] - (wsh_load.py).main(31)  End programs
2023-01-10 12:17:59 [INFO] - (wsh_load.py).main(26)  Start programs
2023-01-10 12:22:43 [INFO] - (wsh_load.py).main(26)  Start programs
2023-01-10 12:23:16 [INFO] - (wsh_load.py).main(26)  Start programs
2023-01-10 12:23:16 [INFO] - (wsh_load.py).main(31)  End programs
2023-01-10 12:23:40 [INFO] - (wsh_load.py).main(26)  Start programs
2023-01-10 12:23:41 [INFO] - (wsh_load.py).main(31)  End programs
2023-01-10 12:24:52 [INFO] - (wsh_load.py).main(26)  Start programs
2023-01-10 12:28:05 [INFO] - (wsh_load.py).main(26)  Start programs
2023-01-10 12:28:05 [INFO] - (wsh_load.py).main(31)  End programs
2023-01-10 12:29:04 [INFO] - (wsh_load.py).main(26)  Start programs
2023-01-10 12:29:24 [INFO] - (wsh_load.py).main(26)  Start programs
2023-01-10 12:29:24 [INFO] - (wsh_load.py).main(31)  End programs
2023-01-10 12:35:21 [INFO] - (wsh_load.py).main(26)  Start programs
2023-01-10 12:35:29 [INFO] - (wsh_load.py).main(26)  Start programs
2023-01-10 12:35:29 [INFO] - (wsh_load.py).main(31)  End programs
2023-01-10 12:36:27 [INFO] - (wsh_load.py).main(26)  Start programs
2023-01-10 12:37:10 [INFO] - (wsh_load.py).main(31)  End programs
2023-01-10 12:37:19 [INFO] - (wsh_load.py).main(26)  Start programs
2023-01-10 12:37:20 [INFO] - (wsh_load.py).main(31)  End programs
2023-01-10 12:43:55 [INFO] - (wsh_load.py).main(26)  Start programs
2023-01-10 12:46:44 [INFO] - (wsh_load.py).main(26)  Start programs
2023-01-10 12:47:26 [INFO] - (wsh_load.py).main(26)  Start programs
2023-01-10 12:48:01 [INFO] - (wsh_load.py).main(26)  Start programs
2023-01-10 12:49:02 [INFO] - (wsh_load.py).main(26)  Start programs
2023-01-10 12:49:31 [INFO] - (wsh_load.py).main(26)  Start programs
2023-01-10 12:50:55 [INFO] - (wsh_load.py).main(26)  Start programs
2023-01-10 12:53:24 [INFO] - (wsh_load.py).main(26)  Start programs
2023-01-10 12:54:45 [INFO] - (wsh_load.py).main(26)  Start programs
2023-01-10 12:54:45 [INFO] - (wsh_load.py).main(31)  End programs
2023-01-10 12:56:56 [INFO] - (wsh_load.py).main(26)  Start programs
2023-01-10 12:56:56 [INFO] - (wsh_load.py).main(31)  End programs
2023-01-10 12:58:42 [INFO] - (wsh_load.py).main(26)  Start programs
2023-01-10 12:58:42 [INFO] - (wsh_load.py).main(31)  End programs
2023-01-10 13:00:53 [INFO] - (wsh_load.py).main(26)  Start programs
2023-01-10 13:00:53 [INFO] - (db.py).get_last_workshift(110)  sent workshift for 1C
2023-01-10 13:00:53 [INFO] - (db.py).get_last_workshift(111)  workshift - ((34, 'test'), (35, 'test'))
2023-01-10 13:00:53 [INFO] - (wsh_load.py).main(31)  End programs
2023-01-10 13:04:08 [INFO] - (wsh_load.py).main(26)  Start programs
2023-01-10 13:04:09 [INFO] - (db.py).get_last_workshift(96)  sent workshift for 1C
2023-01-10 13:04:09 [INFO] - (db.py).get_last_workshift(97)  workshift - ((34, 'test'), (35, 'test'))
2023-01-10 13:04:09 [INFO] - (wsh_load.py).main(31)  End programs
2023-01-10 13:05:18 [INFO] - (wsh_load.py).main(26)  Start programs
2023-01-10 13:05:18 [INFO] - (db.py).get_last_workshift(96)  sent workshift for 1C
2023-01-10 13:05:18 [INFO] - (db.py).get_last_workshift(97)  workshift - ((34, 'test'), (35, 'test'), (36, 'test'))
2023-01-10 13:05:18 [INFO] - (wsh_load.py).main(31)  End programs
2023-01-10 13:05:42 [INFO] - (wsh_load.py).main(26)  Start programs
2023-01-10 13:05:42 [INFO] - (db.py).get_last_workshift(83)  sent workshift for 1C
2023-01-10 13:05:42 [INFO] - (db.py).get_last_workshift(84)  workshift - ((34, 'test'), (35, 'test'), (36, 'test'))
2023-01-10 13:05:42 [INFO] - (wsh_load.py).main(31)  End programs
2023-01-10 13:05:54 [INFO] - (wsh_load.py).main(26)  Start programs
2023-01-10 13:05:54 [INFO] - (db.py).get_last_workshift(83)  sent workshift for 1C
2023-01-10 13:05:54 [INFO] - (db.py).get_last_workshift(84)  workshift - ((34, 'test'), (35, 'test'), (36, 'test'))
2023-01-10 13:05:54 [INFO] - (wsh_load.py).main(31)  End programs
2023-01-10 13:06:35 [INFO] - (wsh_load.py).main(26)  Start programs
2023-01-10 13:06:36 [INFO] - (db.py).get_last_workshift(56)  sent workshift for 1C
2023-01-10 13:06:36 [INFO] - (db.py).get_last_workshift(57)  workshift - ((34, 'test'), (35, 'test'), (36, 'test'))
2023-01-10 13:06:36 [INFO] - (wsh_load.py).main(31)  End programs
2023-01-10 13:06:44 [INFO] - (wsh_load.py).main(26)  Start programs
2023-01-10 13:06:44 [INFO] - (db.py).get_last_workshift(56)  sent workshift for 1C
2023-01-10 13:06:44 [INFO] - (db.py).get_last_workshift(57)  workshift - ((34, 'test'), (35, 'test'), (36, 'test'))
2023-01-10 13:06:44 [INFO] - (wsh_load.py).main(31)  End programs
2023-01-10 13:07:53 [INFO] - (wsh_load.py).main(26)  Start programs
2023-01-10 13:07:53 [INFO] - (db.py).get_last_workshift(42)  sent workshift for 1C
2023-01-10 13:07:53 [INFO] - (db.py).get_last_workshift(43)  workshift - ((34, 'test'), (35, 'test'), (36, 'test'))
2023-01-10 13:07:53 [INFO] - (wsh_load.py).main(31)  End programs
2023-01-10 14:12:05 [INFO] - (wsh_load.py).main(26)  Start programs
2023-01-10 14:12:05 [INFO] - (db.py).get_last_workshift(42)  sent workshift for 1C
2023-01-10 14:12:05 [INFO] - (db.py).get_last_workshift(43)  workshift - ((34, 'test'), (35, 'test'), (36, 'test'), (37, 'test'))
2023-01-10 14:12:05 [INFO] - (wsh_load.py).main(31)  End programs
2023-01-10 15:00:50 [INFO] - (wsh_load.py).main(26)  Start programs
2023-01-10 15:00:50 [INFO] - (db.py).get_last_workshift(44)  sent workshift for 1C
2023-01-10 15:00:50 [INFO] - (db.py).get_last_workshift(45)  workshift - ((34, 'test'), (35, 'test'), (36, 'test'), (37, 'test'))
2023-01-10 15:01:13 [INFO] - (wsh_load.py).main(26)  Start programs
2023-01-10 15:01:13 [INFO] - (db.py).get_last_workshift(44)  sent workshift for 1C
2023-01-10 15:01:13 [INFO] - (db.py).get_last_workshift(45)  workshift - ((34, 'test'), (35, 'test'), (36, 'test'), (37, 'test'))
2023-01-10 15:01:13 [DEBUG] - (connectionpool.py)._new_conn(228)  Starting new HTTP connection (1): bugs.python.org:80
2023-01-10 15:01:13 [DEBUG] - (connectionpool.py)._make_request(456)  http://bugs.python.org:80 "POST / HTTP/1.1" 301 162
2023-01-10 15:01:13 [DEBUG] - (connectionpool.py)._new_conn(1003)  Starting new HTTPS connection (1): bugs.python.org:443
2023-01-10 15:01:56 [INFO] - (wsh_load.py).main(26)  Start programs
2023-01-10 15:01:56 [INFO] - (db.py).get_last_workshift(44)  sent workshift for 1C
2023-01-10 15:01:56 [INFO] - (db.py).get_last_workshift(45)  workshift - ((34, 'test'), (35, 'test'), (36, 'test'), (37, 'test'))
2023-01-10 15:01:56 [INFO] - (wsh_load.py).main(34)  End programs
2023-01-10 15:02:56 [INFO] - (wsh_load.py).main(26)  Start programs
2023-01-10 15:02:56 [INFO] - (db.py).get_last_workshift(44)  sent workshift for 1C
2023-01-10 15:02:56 [INFO] - (db.py).get_last_workshift(45)  workshift - ((34, 'test'), (35, 'test'), (36, 'test'), (37, 'test'), (38, 'test'))
2023-01-10 15:02:56 [INFO] - (wsh_load.py).main(34)  End programs
